This is TeX, Version 3.141592 (Web2C 7.5.6) (format=tex 2008.5.31)  13 JUN 2008 08:23
**\nonstopmode \input preview-mk.ins
(./preview-mk.ins (/usr/share/texmf-texlive/tex/latex/base/docstrip.tex
\blockLevel=\count26
\emptyLines=\count27
\processedLines=\count28
\commentsRemoved=\count29
\commentsPassed=\count30
\codeLinesPassed=\count31
\TotalprocessedLines=\count32
\TotalcommentsRemoved=\count33
\TotalcommentsPassed=\count34
\TotalcodeLinesPassed=\count35
\NumberOfFiles=\count36
\inFile=\read0
\inputcheck=\read1
\@tempcnta=\count37
\off@0=\count38
\off@1=\count39
\off@2=\count40
\off@3=\count41
\off@4=\count42
\off@5=\count43
\off@6=\count44
\off@7=\count45
\off@8=\count46
\off@9=\count47
\off@10=\count48
\off@11=\count49
\off@12=\count50
\off@13=\count51
\off@14=\count52
\off@15=\count53
\@temptokena=\toks12
\@maxfiles=\count54
\@maxoutfiles=\count55

Utility: `docstrip' 2.5d <2005/07/29>
English documentation    <1999/03/31>

**********************************************************
* This program converts documented macro-files into fast *
* loadable files by stripping off (nearly) all comments! *
**********************************************************

********************************************************
* No Configuration file found, using default settings. *
********************************************************

)

Generating file(s) preview.drv preview.sty prauctex.def prauctex.cfg prshowbox.
def prshowlabels.def prtracingall.def prtightpage.def prlyx.def prcounters.def 
prfootnotes.def 
\openout0 = `preview.drv'.

\openout1 = `preview.sty'.

\openout2 = `prauctex.def'.

\openout3 = `prauctex.cfg'.

\openout4 = `prshowbox.def'.

\openout5 = `prshowlabels.def'.

\openout6 = `prtracingall.def'.

\openout7 = `prtightpage.def'.

\openout8 = `prlyx.def'.

\openout9 = `prcounters.def'.

\openout10 = `prfootnotes.def'.


Processing file preview.dtx (driver) -> preview.drv
                            (style) -> preview.sty
                            (auctex) -> prauctex.def
                            (auccfg) -> prauctex.cfg
                            (showbox) -> prshowbox.def
                            (showlabels) -> prshowlabels.def
                            (tracingall) -> prtracingall.def
                            (tightpage) -> prtightpage.def
                            (lyx) -> prlyx.def
                            (counters) -> prcounters.def
                            (footnotes) -> prfootnotes.def
% % % % % % % % % % % % % % % % % % % % % % % % % % % % % % % % % % % % % % %
% % % % % % % % % % % % % % % % % % % % % % % % % % % % % % % % % % % % % % %
% % % % % % % % % % % % % % % % % % % % % % % % % % % % % % % % % % % % % % %
% % % % % % % % % % % % % % % % % % % % % % % % % % % % % % % % % % % % % % %
% % % % % % % % % % % % % % % % % % % % % % % % % % % % % % % % % % % % % % %
% % % % % % % % % % % % % % % % % % % % % % % % % % % % % % % % % % % % % % %
% % % % % % % % % % % % % % % % % % % % % % % % % % % % % % % % % % % % % % %
% % % % % % % % % % % % % % % % % % % % % % % % % % % % % % % % % % % % % % %
% % % % % % % % % % % % % % % % % % % % % % % % % % % % % % % % % % % % % % %
% % % % % % % % % % % % % % % % % % % % % % % % % % % % % % % % % % % % % % %
% % % % % % % % % % % % % % % % % % % % % % % % % % % % % % % % % % % % % % %
% % % <*style <*!active . . . . . . . . . . . . % % % % % % % % % % % % . > %
% % % % % % <*active . . > % % % % % % % % % % % % % % % % % % % % % % %
<*!active . . . . . % % % % . . . % % % % . . . . . . % % % % % % % % % % % %
% . . . . . % % % % % % % % . . . % % % % % % % % % % % % % % . . . . . . . %
% % % % % . . . . . . . . . . % % % . . > % % % % % % <*active % % % % % % . .
% % % % % % . . . % % % % % % % % % % % % % % . . % % % % % % % % . . % % % .
. % % % % % % % % % % % % % % . . . . . . . . . . . . . . . . . % % % % % % %
% % % % % % % % . . . . . . . . . . . . . . . . . . . . . . . . . . % % % % %
% % % % % % % % % % % % % % % % % % % % . . . . . . . . . . . . . . . . . % %
% % % % % % % % . . . . % % % % % % % % % % % % % % % % % % % % % % % % % % .
. . . . . . % % % % % % % % % . . . . % % % % % % % % % % . . . . . . % % % %
% % % % . % % % % % % . . . % % % % % % % % . . . . . . . % % % % % % % . . %
% % % % . . . . . % % % % % % % % . . . . . % % % % % % % % . . . . . . . > %
% % % % % % % % % % % <*!active . . . . . . . . . . . . . . . . . . . . . % %
% % % % % % % % % % % % % % . . . . . . . . . . . . . . . . . . . > % % % % %
<*active . > % % % % % <*!active . . . % % % % % % % . . . . . . . . . . . . .
. . . . . . . . . . . . % % % % . . . . % % % % % % % % . . % % % % % % % . %
% % % % % % . . . . . . . . . . % % % % % % % % % % % % . . . . . . . % % % %
% % % . % % % % . . . . . . . . % % % % % % % . % % % % . . . . . % % % % % %
% % % . . . . . . . . . . . . . . . . % % % % % % . . . . . > % % % % % % % %
% % <*active . . . . . . . . . . . . > % % % % % % % % % % % % % % % % % % % %
% % % <*!active . . % % % % % % % % % . . % % % % % % . . > % % % % <*active .
. . . . . . % % % % % % % % % . . . . . . . % % % % % % . . . . . . . . . . .
% % % % % . > > % % % % % % % % % % % % % % % % % % % % % <auctex . >
<auctex . > <auctex . > % % % % % % % % <auctex . > <auctex . > <auctex . >
<auctex . > <auctex . > <auctex . > <auctex . > <auctex . > <auctex . >
<auctex . > <auctex . > <auctex . > <auctex . > <auctex . > <auctex . >
<auctex . > <auctex . > <auctex . > <auctex . > <auctex . > % % % % % % % % %
% % % % % % % % % % <auctex . > <auctex . > <auctex . > <auctex . >
<auctex . > <auctex . > <auctex . > <auctex . > <auctex . > <auctex . > % % %
<auctex . > % % % % <auccfg . > <auccfg . > <auccfg . > <auccfg . >
<auccfg . > <auccfg . > <auccfg . > <auccfg . > <auccfg . > <auccfg . >
<auccfg . > <auccfg . > <auccfg . > <auccfg . > <auccfg . > <auccfg . >
<auccfg . > <auccfg . > <auccfg . > <auccfg . > <auccfg . > % % % % % %
<lyx . > <lyx . > <lyx . > <lyx . > <lyx . > % % % % % % % % % % <counters . >
<counters . > <counters . > <counters . > <counters . > <counters . >
<counters . > <counters . > <counters . > <counters . > <counters . > % % % %
% % % % % % % % % % % % % <showbox . > <showbox . > <showbox . > <showbox . >
<showbox . > % % % % % % % % <tracingall . > <tracingall . > <tracingall . > %
% % % % % % % % % % % % % % % % % % % % % % % % % % <tightpage . >
<tightpage . > <tightpage . > <tightpage . > <tightpage . > <tightpage . >
<tightpage . > <tightpage . > % % % % % <tightpage . > <tightpage . >
<tightpage . > <tightpage . > <tightpage . > <tightpage . > % % % % % % % % %
% % % <tightpage . > <tightpage . > <tightpage . > <tightpage . >
<tightpage . > <tightpage . > <tightpage . > <tightpage . > <tightpage . >
<tightpage . > <tightpage . > <tightpage . > <tightpage . > <tightpage . >
<tightpage . > <tightpage . > <tightpage . > <tightpage . > <tightpage . >
<tightpage . > <tightpage . > <tightpage . > <tightpage . > <tightpage . >
<tightpage . > <tightpage . > <tightpage . > <tightpage . > <tightpage . >
<tightpage . > <tightpage . > <tightpage . > <tightpage . > <tightpage . >
<tightpage . > <tightpage . > <tightpage . > <tightpage . > <tightpage . >
<tightpage . > <tightpage . > <tightpage . > <tightpage . > <tightpage . >
<tightpage . > <tightpage . > % % % % <tightpage . > <tightpage . > % % % % %
<tightpage . > <tightpage . > <tightpage . > <tightpage . > <tightpage . >
<tightpage . > <tightpage . > <tightpage . > <tightpage . > <tightpage . >
<tightpage . > <tightpage . > <tightpage . > <tightpage . > <tightpage . >
<tightpage . > <tightpage . > % % % % % <tightpage . > <tightpage . >
<tightpage . > <tightpage . > % % % % % % <tightpage . > % % % % % % %
<tightpage . > <tightpage . > <tightpage . > % % % % <tightpage . > % % % % %
% <tightpage . > <tightpage . > <tightpage . > % % % % <tightpage . >
<tightpage . > % % % % % % % % % % % % % % % % % % % % <showlabels . >
<showlabels . > % % % % % % % % % <showlabels . > % % % % <showlabels . >
<showlabels . > <showlabels . > % % % % % % % % % % % % % % % % % %
<showlabels . > <showlabels . > <showlabels . > % % % <showlabels . >
<showlabels . > <showlabels . > % % % <showlabels . > <showlabels . >
<showlabels . > <showlabels . > <showlabels . > % % % % % % % <showlabels . >
<showlabels . > % % % % % % % <showlabels . > <showlabels . > <showlabels . >
<showlabels . > <showlabels . > % % % % <showlabels . > % % % % %
<showlabels . > <showlabels . > <showlabels . > % % % % <showlabels . >
<showlabels . > <showlabels . > <showlabels . > % % % % % <showlabels . >
<showlabels . > <showlabels . > <showlabels . > <showlabels . >
<showlabels . > <showlabels . > <showlabels . > % % % % % % <footnotes . > % %
% % % % % % % % <installer . > <installer&make . > <installer . >
<installer . > <installer&!make . > <installer . > <installer . >
<installer . > <installer . > <installer . > <installer . > <installer . >
<installer . > <installer . > <installer . > <installer . > <installer . >
<installer . > % % % <driver . > <driver . > <driver . > <driver . >
<driver . > <driver . > <driver . > % % % % % % % %
Lines  processed: 1830
Comments removed: 1217
Comments  passed: 2
Codelines passed: 351


Processing file preview.dtx (style,active) -> preview.sty
% % % % % % % % % % % % % % % % % % % % % % % % % % % % % % % % % % % % % % %
% % % % % % % % % % % % % % % % % % % % % % % % % % % % % % % % % % % % % % %
% % % % % % % % % % % % % % % % % % % % % % % % % % % % % % % % % % % % % % %
% % % % % % % % % % % % % % % % % % % % % % % % % % % % % % % % % % % % % % %
% % % % % % % % % % % % % % % % % % % % % % % % % % % % % % % % % % % % % % %
% % % % % % % % % % % % % % % % % % % % % % % % % % % % % % % % % % % % % % %
% % % % % % % % % % % % % % % % % % % % % % % % % % % % % % % % % % % % % % %
% % % % % % % % % % % % % % % % % % % % % % % % % % % % % % % % % % % % % % %
% % % % % % % % % % % % % % % % % % % % % % % % % % % % % % % % % % % % % % %
% % % % % % % % % % % % % % % % % % % % % % % % % % % % % % % % % % % % % % %
% % % % % % % % % % % % % % % % % % % % % % % % % % % % % % % % % % % % % % %
% % % <*style <*!active . . . . . . . . . . . . % % % % % % % % % % % % . > %
% % % % % % <*active . . > % % % % % % % % % % % % % % % % % % % % % % %
<*!active . . . . . % % % % . . . % % % % . . . . . . % % % % % % % % % % % %
% . . . . . % % % % % % % % . . . % % % % % % % % % % % % % % . . . . . . . %
% % % % % . . . . . . . . . . % % % . . > % % % % % % <*active % % % % % % . .
% % % % % % . . . % % % % % % % % % % % % % % . . % % % % % % % % . . % % % .
. % % % % % % % % % % % % % % . . . . . . . . . . . . . . . . . % % % % % % %
% % % % % % % % . . . . . . . . . . . . . . . . . . . . . . . . . . % % % % %
% % % % % % % % % % % % % % % % % % % % . . . . . . . . . . . . . . . . . % %
% % % % % % % % . . . . % % % % % % % % % % % % % % % % % % % % % % % % % % .
. . . . . . % % % % % % % % % . . . . % % % % % % % % % % . . . . . . % % % %
% % % % . % % % % % % . . . % % % % % % % % . . . . . . . % % % % % % % . . %
% % % % . . . . . % % % % % % % % . . . . . % % % % % % % % . . . . . . . > %
% % % % % % % % % % % <*!active . . . . . . . . . . . . . . . . . . . . . % %
% % % % % % % % % % % % % % . . . . . . . . . . . . . . . . . . . > % % % % %
<*active . > % % % % % <*!active . . . % % % % % % % . . . . . . . . . . . . .
. . . . . . . . . . . . % % % % . . . . % % % % % % % % . . % % % % % % % . %
% % % % % % . . . . . . . . . . % % % % % % % % % % % % . . . . . . . % % % %
% % % . % % % % . . . . . . . . % % % % % % % . % % % % . . . . . % % % % % %
% % % . . . . . . . . . . . . . . . . % % % % % % . . . . . > % % % % % % % %
% % <*active . . . . . . . . . . . . > % % % % % % % % % % % % % % % % % % % %
% % % <*!active . . % % % % % % % % % . . % % % % % % . . > % % % % <*active .
. . . . . . % % % % % % % % % . . . . . . . % % % % % % . . . . . . . . . . .
% % % % % . > > % % % % % % % % % % % % % % % % % % % % % <auctex . >
<auctex . > <auctex . > % % % % % % % % <auctex . > <auctex . > <auctex . >
<auctex . > <auctex . > <auctex . > <auctex . > <auctex . > <auctex . >
<auctex . > <auctex . > <auctex . > <auctex . > <auctex . > <auctex . >
<auctex . > <auctex . > <auctex . > <auctex . > <auctex . > % % % % % % % % %
% % % % % % % % % % <auctex . > <auctex . > <auctex . > <auctex . >
<auctex . > <auctex . > <auctex . > <auctex . > <auctex . > <auctex . > % % %
<auctex . > % % % % <auccfg . > <auccfg . > <auccfg . > <auccfg . >
<auccfg . > <auccfg . > <auccfg . > <auccfg . > <auccfg . > <auccfg . >
<auccfg . > <auccfg . > <auccfg . > <auccfg . > <auccfg . > <auccfg . >
<auccfg . > <auccfg . > <auccfg . > <auccfg . > <auccfg . > % % % % % %
<lyx . > <lyx . > <lyx . > <lyx . > <lyx . > % % % % % % % % % % <counters . >
<counters . > <counters . > <counters . > <counters . > <counters . >
<counters . > <counters . > <counters . > <counters . > <counters . > % % % %
% % % % % % % % % % % % % <showbox . > <showbox . > <showbox . > <showbox . >
<showbox . > % % % % % % % % <tracingall . > <tracingall . > <tracingall . > %
% % % % % % % % % % % % % % % % % % % % % % % % % % <tightpage . >
<tightpage . > <tightpage . > <tightpage . > <tightpage . > <tightpage . >
<tightpage . > <tightpage . > % % % % % <tightpage . > <tightpage . >
<tightpage . > <tightpage . > <tightpage . > <tightpage . > % % % % % % % % %
% % % <tightpage . > <tightpage . > <tightpage . > <tightpage . >
<tightpage . > <tightpage . > <tightpage . > <tightpage . > <tightpage . >
<tightpage . > <tightpage . > <tightpage . > <tightpage . > <tightpage . >
<tightpage . > <tightpage . > <tightpage . > <tightpage . > <tightpage . >
<tightpage . > <tightpage . > <tightpage . > <tightpage . > <tightpage . >
<tightpage . > <tightpage . > <tightpage . > <tightpage . > <tightpage . >
<tightpage . > <tightpage . > <tightpage . > <tightpage . > <tightpage . >
<tightpage . > <tightpage . > <tightpage . > <tightpage . > <tightpage . >
<tightpage . > <tightpage . > <tightpage . > <tightpage . > <tightpage . >
<tightpage . > <tightpage . > % % % % <tightpage . > <tightpage . > % % % % %
<tightpage . > <tightpage . > <tightpage . > <tightpage . > <tightpage . >
<tightpage . > <tightpage . > <tightpage . > <tightpage . > <tightpage . >
<tightpage . > <tightpage . > <tightpage . > <tightpage . > <tightpage . >
<tightpage . > <tightpage . > % % % % % <tightpage . > <tightpage . >
<tightpage . > <tightpage . > % % % % % % <tightpage . > % % % % % % %
<tightpage . > <tightpage . > <tightpage . > % % % % <tightpage . > % % % % %
% <tightpage . > <tightpage . > <tightpage . > % % % % <tightpage . >
<tightpage . > % % % % % % % % % % % % % % % % % % % % <showlabels . >
<showlabels . > % % % % % % % % % <showlabels . > % % % % <showlabels . >
<showlabels . > <showlabels . > % % % % % % % % % % % % % % % % % %
<showlabels . > <showlabels . > <showlabels . > % % % <showlabels . >
<showlabels . > <showlabels . > % % % <showlabels . > <showlabels . >
<showlabels . > <showlabels . > <showlabels . > % % % % % % % <showlabels . >
<showlabels . > % % % % % % % <showlabels . > <showlabels . > <showlabels . >
<showlabels . > <showlabels . > % % % % <showlabels . > % % % % %
<showlabels . > <showlabels . > <showlabels . > % % % % <showlabels . >
<showlabels . > <showlabels . > <showlabels . > % % % % % <showlabels . >
<showlabels . > <showlabels . > <showlabels . > <showlabels . >
<showlabels . > <showlabels . > <showlabels . > % % % % % % <footnotes . > % %
% % % % % % % % <installer . > <installer&make . > <installer . >
<installer . > <installer&!make . > <installer . > <installer . >
<installer . > <installer . > <installer . > <installer . > <installer . >
<installer . > <installer . > <installer . > <installer . > <installer . >
<installer . > % % % <driver . > <driver . > <driver . > <driver . >
<driver . > <driver . > <driver . > % % % % % % % %
Lines  processed: 1830
Comments removed: 1217
Comments  passed: 2
Codelines passed: 351

Overall statistics:
Files  processed: 2
Lines  processed: 3660
Comments removed: 2434
Comments  passed: 4
Codelines passed: 702
 )
No pages of output.
