This file contains any messages produced by compilers while
running configure, to aid debugging if configure makes a mistake.

It was created by magit configure 0.7, which was
generated by GNU Autoconf 2.61.  Invocation command line was

  $ ./configure 

## --------- ##
## Platform. ##
## --------- ##

hostname = debian
uname -m = i686
uname -r = 2.6.26-1-686
uname -s = Linux
uname -v = #1 SMP Wed Nov 26 19:14:11 UTC 2008

/usr/bin/uname -p = unknown
/bin/uname -X     = unknown

/bin/arch              = unknown
/usr/bin/arch -k       = unknown
/usr/convex/getsysinfo = unknown
/usr/bin/hostinfo      = unknown
/bin/machine           = unknown
/usr/bin/oslevel       = unknown
/bin/universe          = unknown

PATH: /usr/local/bin
PATH: /usr/bin
PATH: /bin
PATH: /usr/games


## ----------- ##
## Core tests. ##
## ----------- ##

configure:1691: checking for a BSD-compatible install
configure:1747: result: /usr/bin/install -c
configure:1758: checking whether build environment is sane
configure:1801: result: yes
configure:1829: checking for a thread-safe mkdir -p
configure:1868: result: /bin/mkdir -p
configure:1881: checking for gawk
configure:1911: result: no
configure:1881: checking for mawk
configure:1897: found /usr/bin/mawk
configure:1908: result: mawk
configure:1919: checking whether make sets $(MAKE)
configure:1940: result: yes
configure:2262: creating ./config.status

## ---------------------- ##
## Running config.status. ##
## ---------------------- ##

This file was extended by magit config.status 0.7, which was
generated by GNU Autoconf 2.61.  Invocation command line was

  CONFIG_FILES    = 
  CONFIG_HEADERS  = 
  CONFIG_LINKS    = 
  CONFIG_COMMANDS = 
  $ ./config.status 

on debian

config.status:588: creating Makefile

## ---------------- ##
## Cache variables. ##
## ---------------- ##

ac_cv_env_build_alias_set=
ac_cv_env_build_alias_value=
ac_cv_env_host_alias_set=
ac_cv_env_host_alias_value=
ac_cv_env_target_alias_set=
ac_cv_env_target_alias_value=
ac_cv_path_install='/usr/bin/install -c'
ac_cv_path_mkdir=/bin/mkdir
ac_cv_prog_AWK=mawk
ac_cv_prog_make_make_set=yes

## ----------------- ##
## Output variables. ##
## ----------------- ##

ACLOCAL='${SHELL} /home/andy/MyEmacs/Site-Lisp/Packages/magit/missing --run aclocal-1.10'
AMTAR='${SHELL} /home/andy/MyEmacs/Site-Lisp/Packages/magit/missing --run tar'
AUTOCONF='${SHELL} /home/andy/MyEmacs/Site-Lisp/Packages/magit/missing --run autoconf'
AUTOHEADER='${SHELL} /home/andy/MyEmacs/Site-Lisp/Packages/magit/missing --run autoheader'
AUTOMAKE='${SHELL} /home/andy/MyEmacs/Site-Lisp/Packages/magit/missing --run automake-1.10'
AWK='mawk'
CYGPATH_W='echo'
DEFS='-DPACKAGE_NAME=\"magit\" -DPACKAGE_TARNAME=\"magit\" -DPACKAGE_VERSION=\"0.7\" -DPACKAGE_STRING=\"magit\ 0.7\" -DPACKAGE_BUGREPORT=\"\" -DPACKAGE=\"magit\" -DVERSION=\"0.7\"'
ECHO_C=''
ECHO_N='-n'
ECHO_T=''
INSTALL_DATA='${INSTALL} -m 644'
INSTALL_PROGRAM='${INSTALL}'
INSTALL_SCRIPT='${INSTALL}'
INSTALL_STRIP_PROGRAM='$(install_sh) -c -s'
LIBOBJS=''
LIBS=''
LTLIBOBJS=''
MAKEINFO='${SHELL} /home/andy/MyEmacs/Site-Lisp/Packages/magit/missing --run makeinfo'
PACKAGE='magit'
PACKAGE_BUGREPORT=''
PACKAGE_NAME='magit'
PACKAGE_STRING='magit 0.7'
PACKAGE_TARNAME='magit'
PACKAGE_VERSION='0.7'
PATH_SEPARATOR=':'
SET_MAKE=''
SHELL='/bin/sh'
STRIP=''
VERSION='0.7'
am__isrc=''
am__leading_dot='.'
am__tar='${AMTAR} chof - "$$tardir"'
am__untar='${AMTAR} xf -'
bindir='${exec_prefix}/bin'
build_alias=''
datadir='${datarootdir}'
datarootdir='${prefix}/share'
docdir='${datarootdir}/doc/${PACKAGE_TARNAME}'
dvidir='${docdir}'
exec_prefix='${prefix}'
host_alias=''
htmldir='${docdir}'
includedir='${prefix}/include'
infodir='${datarootdir}/info'
install_sh='$(SHELL) /home/andy/MyEmacs/Site-Lisp/Packages/magit/install-sh'
libdir='${exec_prefix}/lib'
libexecdir='${exec_prefix}/libexec'
localedir='${datarootdir}/locale'
localstatedir='${prefix}/var'
mandir='${datarootdir}/man'
mkdir_p='/bin/mkdir -p'
oldincludedir='/usr/include'
pdfdir='${docdir}'
prefix='/usr/local'
program_transform_name='s,x,x,'
psdir='${docdir}'
sbindir='${exec_prefix}/sbin'
sharedstatedir='${prefix}/com'
sysconfdir='${prefix}/etc'
target_alias=''

## ----------- ##
## confdefs.h. ##
## ----------- ##

#define PACKAGE_NAME "magit"
#define PACKAGE_TARNAME "magit"
#define PACKAGE_VERSION "0.7"
#define PACKAGE_STRING "magit 0.7"
#define PACKAGE_BUGREPORT ""
#define PACKAGE "magit"
#define VERSION "0.7"

configure: exit 0
