This is pdfTeXk, Version 3.141592-1.40.3 (Web2C 7.5.6) (format=pdftex 2008.1.1)  10 FEB 2008 14:17
entering extended mode
 %&-line parsing enabled.
**tex-ref.tex
(./tex-ref.tex
\columnsperpage=\count26
\intercolumnskip=\dimen16
\columna=\box16
\columnb=\box17
 [3 columns per page]
\keyindent=\dimen17
\metaxbox=\box18
\metaxwidth=\dimen18

Underfull \vbox (badness 10000) detected at line 396

\vbox(161.80061+2.0)x104.068
.\hbox(6.80002+2.0)x104.068, glue set 17.8531fil
..\glue(\tabskip) 0.0
..\hbox(6.80002+2.0)x64.11172, glue set 8.50012fil
...\rule(6.80002+*)x0.0
...\hbox(4.30554+0.0)x20.66666, glue set 14.23262fill []
...\glue 2.83337 plus 1.41669 minus 0.94446
...\eightrm (
...\eighttt \
...etc.
..\glue(\tabskip) 0.0 plus 1.0fil
..\hbox(6.80002+2.0)x4.25006
...\eighttt a
...\hbox(0.0+0.0)x0.0
...\glue 0.0 plus 1.0fil
..\glue(\tabskip) 0.0 plus 1.0fil
.\glue(\baselineskip) 0.6556
.\hbox(6.94444+2.0)x104.068, glue set 17.8531fil
..\glue(\tabskip) 0.0
..\hbox(6.94444+2.0)x64.11172, glue set 12.75018fil
...\hbox(6.94444+1.94444)x20.66666, glue set 14.48264fill []
...\glue 2.83337 plus 1.41669 minus 0.94446
...\eightrm (
...\eighttt \
...\eighttt b
...etc.
..\glue(\tabskip) 0.0 plus 1.0fil
..\hbox(6.94444+2.0)x4.25006
...\eighttt b
...\hbox(0.0+0.0)x0.0
...\glue 0.0 plus 1.0fil
..\glue(\tabskip) 0.0 plus 1.0fil
.\glue(\baselineskip) 1.60004
.\hbox(6.0+2.0)x104.068, glue set 17.8531fil
..\glue(\tabskip) 0.0
..\hbox(6.0+2.0)x64.11172, glue set 8.50012fil
...\hbox(4.30554+1.94444)x20.66666, glue set 14.9338fill []
...\glue 2.83337 plus 1.41669 minus 0.94446
...\eightrm (
...\eighttt \
...\eighttt g
...etc.
..\glue(\tabskip) 0.0 plus 1.0fil
..\hbox(6.0+2.0)x4.25006
...\eighttt g
...\hbox(0.0+0.0)x0.0
...\glue 0.0 plus 1.0fil
..\glue(\tabskip) 0.0 plus 1.0fil
.etc.


Underfull \vbox (badness 10000) detected at line 436

\vbox(176.20067+2.0)x104.068
.\hbox(6.80002+2.0)x104.068, glue set 7.22795fil
..\glue(\tabskip) 0.0
..\hbox(6.80002+2.0)x76.86191
...\rule(6.80002+*)x0.0
...\hbox(3.0239+0.0)x20.66666, glue set 12.16653fill []
...\glue 2.83337 plus 1.41669 minus 0.94446
...\eightrm (
...\eighttt \
...etc.
..\glue(\tabskip) 0.0 plus 1.0fil
..\hbox(6.80002+2.0)x12.75018
...\eighttt C
...\eighttt -
...\eighttt f
...\hbox(0.0+0.0)x0.0
...\glue 0.0 plus 1.0fil
..\glue(\tabskip) 0.0 plus 1.0fil
.\glue(\baselineskip) 1.60004
.\hbox(6.0+2.0)x104.068, glue set 7.22795fil
..\glue(\tabskip) 0.0
..\hbox(6.0+2.0)x76.86191, glue set 4.25006fil
...\hbox(3.0239+0.0)x20.66666, glue set 12.16653fill []
...\glue 2.83337 plus 1.41669 minus 0.94446
...\eightrm (
...\eighttt \
...\eighttt l
...etc.
..\glue(\tabskip) 0.0 plus 1.0fil
..\hbox(6.0+2.0)x12.75018
...\eighttt C
...\eighttt -
...\eighttt b
...\hbox(0.0+0.0)x0.0
...\glue 0.0 plus 1.0fil
..\glue(\tabskip) 0.0 plus 1.0fil
.\glue(\baselineskip) 1.60004
.\hbox(6.0+2.0)x104.068, glue set 7.22795fil
..\glue(\tabskip) 0.0
..\hbox(6.0+2.0)x76.86191, glue set 12.75018fil
...\hbox(5.55556+1.55554)x20.66666, glue set 16.4166fill []
...\glue 2.83337 plus 1.41669 minus 0.94446
...\eightrm (
...\eighttt \
...\eighttt u
...etc.
..\glue(\tabskip) 0.0 plus 1.0fil
..\hbox(6.0+2.0)x12.75018
...\eighttt C
...\eighttt -
...\eighttt p
...\hbox(0.0+0.0)x0.0
...\glue 0.0 plus 1.0fil
..\glue(\tabskip) 0.0 plus 1.0fil
.etc.

[1{/var/lib/texmf/fonts/map/pdftex/updmap/pdftex.map}] [2] )</usr/share/texmf-t
exlive/fonts/type1/bluesky/cm/cmbx10.pfb></usr/share/texmf-texlive/fonts/type1/
bluesky/cm/cmbx8.pfb></usr/share/texmf-texlive/fonts/type1/bluesky/cm/cmcsc10.p
fb></usr/share/texmf-texlive/fonts/type1/bluesky/cm/cmmi10.pfb></usr/share/texm
f-texlive/fonts/type1/bluesky/cm/cmr6.pfb></usr/share/texmf-texlive/fonts/type1
/bluesky/cm/cmr7.pfb></usr/share/texmf-texlive/fonts/type1/bluesky/cm/cmr8.pfb>
</usr/share/texmf-texlive/fonts/type1/bluesky/cm/cmsl8.pfb></usr/share/texmf-te
xlive/fonts/type1/bluesky/cm/cmsy6.pfb></usr/share/texmf-texlive/fonts/type1/bl
uesky/cm/cmsy8.pfb></usr/share/texmf-texlive/fonts/type1/bluesky/cm/cmti8.pfb><
/usr/share/texmf-texlive/fonts/type1/bluesky/cm/cmtt8.pfb>
Output written on tex-ref.pdf (2 pages, 96704 bytes).
PDF statistics:
 57 PDF objects out of 1000 (max. 8388607)
 0 named destinations out of 1000 (max. 131072)
 1 words of extra memory for PDF output out of 10000 (max. 10000000)

